Determining if the pthread_create exist failed with the following output:
Change Dir: /home/chewgum/slam/slam_ws/src/VINS-Fusion-master/init/cmake-build-debug/CMakeFiles/CMakeTmp

Run Build Command(s):/usr/bin/make cmTC_7d29b/fast 
/usr/bin/make -f CMakeFiles/cmTC_7d29b.dir/build.make CMakeFiles/cmTC_7d29b.dir/build
make[1]: Entering directory '/home/chewgum/slam/slam_ws/src/VINS-Fusion-master/init/cmake-build-debug/CMakeFiles/CMakeTmp'
Building C object CMakeFiles/cmTC_7d29b.dir/CheckSymbolExists.c.o
/usr/bin/cc    -o CMakeFiles/cmTC_7d29b.dir/CheckSymbolExists.c.o   -c /home/chewgum/slam/slam_ws/src/VINS-Fusion-master/init/cmake-build-debug/CMakeFiles/CMakeTmp/CheckSymbolExists.c
Linking C executable cmTC_7d29b
/usr/software/clion-2019.1.4/bin/cmake/linux/bin/cmake -E cmake_link_script CMakeFiles/cmTC_7d29b.dir/link.txt --verbose=1
/usr/bin/cc      -rdynamic CMakeFiles/cmTC_7d29b.dir/CheckSymbolExists.c.o  -o cmTC_7d29b 
CMakeFiles/cmTC_7d29b.dir/CheckSymbolExists.c.o：在函数‘main’中：
CheckSymbolExists.c:(.text+0x16)：对‘pthread_create’未定义的引用
collect2: error: ld returned 1 exit status
CMakeFiles/cmTC_7d29b.dir/build.make:86: recipe for target 'cmTC_7d29b' failed
make[1]: *** [cmTC_7d29b] Error 1
make[1]: Leaving directory '/home/chewgum/slam/slam_ws/src/VINS-Fusion-master/init/cmake-build-debug/CMakeFiles/CMakeTmp'
Makefile:121: recipe for target 'cmTC_7d29b/fast' failed
make: *** [cmTC_7d29b/fast] Error 2

File /home/chewgum/slam/slam_ws/src/VINS-Fusion-master/init/cmake-build-debug/CMakeFiles/CMakeTmp/CheckSymbolExists.c:
/* */
#include <pthread.h>

int main(int argc, char** argv)
{
  (void)argv;
#ifndef pthread_create
  return ((int*)(&pthread_create))[argc];
#else
  (void)argc;
  return 0;
#endif
}

Determining if the function pthread_create exists in the pthreads failed with the following output:
Change Dir: /home/chewgum/slam/slam_ws/src/VINS-Fusion-master/init/cmake-build-debug/CMakeFiles/CMakeTmp

Run Build Command(s):/usr/bin/make cmTC_43f51/fast 
/usr/bin/make -f CMakeFiles/cmTC_43f51.dir/build.make CMakeFiles/cmTC_43f51.dir/build
make[1]: Entering directory '/home/chewgum/slam/slam_ws/src/VINS-Fusion-master/init/cmake-build-debug/CMakeFiles/CMakeTmp'
Building C object CMakeFiles/cmTC_43f51.dir/CheckFunctionExists.c.o
/usr/bin/cc   -DCHECK_FUNCTION_EXISTS=pthread_create   -o CMakeFiles/cmTC_43f51.dir/CheckFunctionExists.c.o   -c /usr/software/clion-2019.1.4/bin/cmake/linux/share/cmake-3.14/Modules/CheckFunctionExists.c
Linking C executable cmTC_43f51
/usr/software/clion-2019.1.4/bin/cmake/linux/bin/cmake -E cmake_link_script CMakeFiles/cmTC_43f51.dir/link.txt --verbose=1
/usr/bin/cc  -DCHECK_FUNCTION_EXISTS=pthread_create    -rdynamic CMakeFiles/cmTC_43f51.dir/CheckFunctionExists.c.o  -o cmTC_43f51 -lpthreads 
/usr/bin/ld: 找不到 -lpthreads
collect2: error: ld returned 1 exit status
CMakeFiles/cmTC_43f51.dir/build.make:86: recipe for target 'cmTC_43f51' failed
make[1]: *** [cmTC_43f51] Error 1
make[1]: Leaving directory '/home/chewgum/slam/slam_ws/src/VINS-Fusion-master/init/cmake-build-debug/CMakeFiles/CMakeTmp'
Makefile:121: recipe for target 'cmTC_43f51/fast' failed
make: *** [cmTC_43f51/fast] Error 2


